{"/home/amados/To-Do-List/test.mock.js": {"path":"/home/amados/To-Do-List/test.mock.js","statementMap":{"0":{"start":{"line":1,"column":13},"end":{"line":12,"column":1}},"1":{"start":{"line":14,"column":0},"end":{"line":14,"column":31}}},"fnMap":{},"branchMap":{},"s":{"0":1,"1":1},"f":{},"b":{},"_coverageSchema":"1a1c01bbd47fc00a2c39e90264f33305004495a9","hash":"e31ccf8adef4f6656ed9b2a352820b6504268ee5"}
,"/home/amados/To-Do-List/src/index.js": {"path":"/home/amados/To-Do-List/src/index.js","statementMap":{"0":{"start":{"line":7,"column":17},"end":{"line":7,"column":27}},"1":{"start":{"line":9,"column":13},"end":{"line":9,"column":44}},"2":{"start":{"line":10,"column":18},"end":{"line":10,"column":58}},"3":{"start":{"line":12,"column":22},"end":{"line":60,"column":1}},"4":{"start":{"line":13,"column":15},"end":{"line":13,"column":44}},"5":{"start":{"line":14,"column":2},"end":{"line":14,"column":26}},"6":{"start":{"line":15,"column":2},"end":{"line":20,"column":4}},"7":{"start":{"line":21,"column":2},"end":{"line":21,"column":30}},"8":{"start":{"line":23,"column":19},"end":{"line":23,"column":41}},"9":{"start":{"line":25,"column":2},"end":{"line":28,"column":3}},"10":{"start":{"line":26,"column":4},"end":{"line":26,"column":61}},"11":{"start":{"line":27,"column":4},"end":{"line":27,"column":66}},"12":{"start":{"line":30,"column":2},"end":{"line":33,"column":5}},"13":{"start":{"line":31,"column":4},"end":{"line":31,"column":36}},"14":{"start":{"line":32,"column":4},"end":{"line":32,"column":36}},"15":{"start":{"line":35,"column":2},"end":{"line":40,"column":5}},"16":{"start":{"line":36,"column":4},"end":{"line":36,"column":42}},"17":{"start":{"line":37,"column":4},"end":{"line":37,"column":36}},"18":{"start":{"line":38,"column":4},"end":{"line":38,"column":61}},"19":{"start":{"line":39,"column":4},"end":{"line":39,"column":66}},"20":{"start":{"line":42,"column":22},"end":{"line":42,"column":49}},"21":{"start":{"line":44,"column":2},"end":{"line":47,"column":5}},"22":{"start":{"line":45,"column":4},"end":{"line":45,"column":42}},"23":{"start":{"line":46,"column":4},"end":{"line":46,"column":36}},"24":{"start":{"line":49,"column":2},"end":{"line":53,"column":5}},"25":{"start":{"line":50,"column":4},"end":{"line":50,"column":55}},"26":{"start":{"line":51,"column":4},"end":{"line":51,"column":103}},"27":{"start":{"line":52,"column":4},"end":{"line":52,"column":87}},"28":{"start":{"line":55,"column":2},"end":{"line":59,"column":5}},"29":{"start":{"line":56,"column":4},"end":{"line":56,"column":55}},"30":{"start":{"line":57,"column":4},"end":{"line":57,"column":103}},"31":{"start":{"line":58,"column":4},"end":{"line":58,"column":87}},"32":{"start":{"line":63,"column":16},"end":{"line":67,"column":1}},"33":{"start":{"line":64,"column":20},"end":{"line":64,"column":52}},"34":{"start":{"line":65,"column":15},"end":{"line":65,"column":38}},"35":{"start":{"line":66,"column":2},"end":{"line":66,"column":22}},"36":{"start":{"line":69,"column":36},"end":{"line":73,"column":1}},"37":{"start":{"line":70,"column":2},"end":{"line":72,"column":5}},"38":{"start":{"line":71,"column":4},"end":{"line":71,"column":24}},"39":{"start":{"line":75,"column":0},"end":{"line":75,"column":30}},"40":{"start":{"line":77,"column":0},"end":{"line":81,"column":3}},"41":{"start":{"line":78,"column":2},"end":{"line":78,"column":21}},"42":{"start":{"line":79,"column":2},"end":{"line":79,"column":12}},"43":{"start":{"line":80,"column":2},"end":{"line":80,"column":15}},"44":{"start":{"line":83,"column":21},"end":{"line":88,"column":1}},"45":{"start":{"line":84,"column":27},"end":{"line":84,"column":65}},"46":{"start":{"line":85,"column":24},"end":{"line":86,"column":68}},"47":{"start":{"line":86,"column":34},"end":{"line":86,"column":66}},"48":{"start":{"line":87,"column":2},"end":{"line":87,"column":69}},"49":{"start":{"line":87,"column":37},"end":{"line":87,"column":67}},"50":{"start":{"line":90,"column":17},"end":{"line":90,"column":49}},"51":{"start":{"line":91,"column":0},"end":{"line":91,"column":27}},"52":{"start":{"line":92,"column":0},"end":{"line":92,"column":25}},"53":{"start":{"line":93,"column":0},"end":{"line":93,"column":45}},"54":{"start":{"line":94,"column":0},"end":{"line":94,"column":35}},"55":{"start":{"line":95,"column":0},"end":{"line":100,"column":3}},"56":{"start":{"line":96,"column":2},"end":{"line":96,"column":21}},"57":{"start":{"line":97,"column":2},"end":{"line":97,"column":17}},"58":{"start":{"line":98,"column":2},"end":{"line":98,"column":33}},"59":{"start":{"line":99,"column":2},"end":{"line":99,"column":15}}},"fnMap":{"0":{"name":"(anonymous_0)","decl":{"start":{"line":12,"column":22},"end":{"line":12,"column":23}},"loc":{"start":{"line":12,"column":32},"end":{"line":60,"column":1}},"line":12},"1":{"name":"(anonymous_1)","decl":{"start":{"line":30,"column":98},"end":{"line":30,"column":99}},"loc":{"start":{"line":30,"column":104},"end":{"line":33,"column":3}},"line":30},"2":{"name":"(anonymous_2)","decl":{"start":{"line":35,"column":37},"end":{"line":35,"column":38}},"loc":{"start":{"line":35,"column":48},"end":{"line":40,"column":3}},"line":35},"3":{"name":"(anonymous_3)","decl":{"start":{"line":44,"column":40},"end":{"line":44,"column":41}},"loc":{"start":{"line":44,"column":47},"end":{"line":47,"column":3}},"line":44},"4":{"name":"(anonymous_4)","decl":{"start":{"line":49,"column":40},"end":{"line":49,"column":41}},"loc":{"start":{"line":49,"column":47},"end":{"line":53,"column":3}},"line":49},"5":{"name":"(anonymous_5)","decl":{"start":{"line":55,"column":39},"end":{"line":55,"column":40}},"loc":{"start":{"line":55,"column":46},"end":{"line":59,"column":3}},"line":55},"6":{"name":"(anonymous_6)","decl":{"start":{"line":63,"column":16},"end":{"line":63,"column":17}},"loc":{"start":{"line":63,"column":22},"end":{"line":67,"column":1}},"line":63},"7":{"name":"(anonymous_7)","decl":{"start":{"line":69,"column":36},"end":{"line":69,"column":37}},"loc":{"start":{"line":69,"column":42},"end":{"line":73,"column":1}},"line":69},"8":{"name":"(anonymous_8)","decl":{"start":{"line":70,"column":28},"end":{"line":70,"column":29}},"loc":{"start":{"line":70,"column":38},"end":{"line":72,"column":3}},"line":70},"9":{"name":"(anonymous_9)","decl":{"start":{"line":77,"column":32},"end":{"line":77,"column":33}},"loc":{"start":{"line":77,"column":39},"end":{"line":81,"column":1}},"line":77},"10":{"name":"(anonymous_10)","decl":{"start":{"line":83,"column":21},"end":{"line":83,"column":22}},"loc":{"start":{"line":83,"column":27},"end":{"line":88,"column":1}},"line":83},"11":{"name":"(anonymous_11)","decl":{"start":{"line":86,"column":12},"end":{"line":86,"column":13}},"loc":{"start":{"line":86,"column":34},"end":{"line":86,"column":66}},"line":86},"12":{"name":"(anonymous_12)","decl":{"start":{"line":87,"column":24},"end":{"line":87,"column":25}},"loc":{"start":{"line":87,"column":37},"end":{"line":87,"column":67}},"line":87},"13":{"name":"(anonymous_13)","decl":{"start":{"line":95,"column":35},"end":{"line":95,"column":36}},"loc":{"start":{"line":95,"column":42},"end":{"line":100,"column":1}},"line":95}},"branchMap":{"0":{"loc":{"start":{"line":16,"column":46},"end":{"line":16,"column":79}},"type":"cond-expr","locations":[{"start":{"line":16,"column":65},"end":{"line":16,"column":74}},{"start":{"line":16,"column":77},"end":{"line":16,"column":79}}],"line":16},"1":{"loc":{"start":{"line":25,"column":2},"end":{"line":28,"column":3}},"type":"if","locations":[{"start":{"line":25,"column":2},"end":{"line":28,"column":3}},{"start":{},"end":{}}],"line":25}},"s":{"0":1,"1":1,"2":1,"3":1,"4":4,"5":4,"6":4,"7":4,"8":4,"9":4,"10":0,"11":0,"12":4,"13":1,"14":1,"15":4,"16":0,"17":0,"18":0,"19":0,"20":4,"21":4,"22":0,"23":0,"24":4,"25":0,"26":0,"27":0,"28":4,"29":0,"30":0,"31":0,"32":1,"33":4,"34":4,"35":4,"36":1,"37":1,"38":0,"39":1,"40":1,"41":4,"42":4,"43":4,"44":1,"45":0,"46":0,"47":0,"48":0,"49":0,"50":1,"51":1,"52":1,"53":1,"54":1,"55":1,"56":0,"57":0,"58":0,"59":0},"f":{"0":4,"1":1,"2":0,"3":0,"4":0,"5":0,"6":4,"7":1,"8":0,"9":4,"10":0,"11":0,"12":0,"13":0},"b":{"0":[0,4],"1":[0,4]},"_coverageSchema":"1a1c01bbd47fc00a2c39e90264f33305004495a9","hash":"a0083f0236d575735161508eeceb3def40626f48"}
,"/home/amados/To-Do-List/src/list.js": {"path":"/home/amados/To-Do-List/src/list.js","statementMap":{"0":{"start":{"line":5,"column":4},"end":{"line":5,"column":67}},"1":{"start":{"line":8,"column":27},"end":{"line":10,"column":5}},"2":{"start":{"line":9,"column":6},"end":{"line":9,"column":66}},"3":{"start":{"line":12,"column":14},"end":{"line":18,"column":5}},"4":{"start":{"line":13,"column":19},"end":{"line":13,"column":77}},"5":{"start":{"line":14,"column":6},"end":{"line":14,"column":31}},"6":{"start":{"line":16,"column":6},"end":{"line":16,"column":34}},"7":{"start":{"line":17,"column":6},"end":{"line":17,"column":18}},"8":{"start":{"line":20,"column":18},"end":{"line":24,"column":5}},"9":{"start":{"line":21,"column":6},"end":{"line":23,"column":9}},"10":{"start":{"line":22,"column":8},"end":{"line":22,"column":31}},"11":{"start":{"line":26,"column":17},"end":{"line":30,"column":5}},"12":{"start":{"line":27,"column":6},"end":{"line":27,"column":41}},"13":{"start":{"line":28,"column":6},"end":{"line":28,"column":25}},"14":{"start":{"line":29,"column":6},"end":{"line":29,"column":34}},"15":{"start":{"line":32,"column":26},"end":{"line":36,"column":5}},"16":{"start":{"line":33,"column":6},"end":{"line":33,"column":81}},"17":{"start":{"line":33,"column":54},"end":{"line":33,"column":78}},"18":{"start":{"line":34,"column":6},"end":{"line":34,"column":25}},"19":{"start":{"line":35,"column":6},"end":{"line":35,"column":34}}},"fnMap":{"0":{"name":"(anonymous_0)","decl":{"start":{"line":4,"column":2},"end":{"line":4,"column":3}},"loc":{"start":{"line":4,"column":16},"end":{"line":6,"column":3}},"line":4},"1":{"name":"(anonymous_1)","decl":{"start":{"line":8,"column":27},"end":{"line":8,"column":28}},"loc":{"start":{"line":8,"column":33},"end":{"line":10,"column":5}},"line":8},"2":{"name":"(anonymous_2)","decl":{"start":{"line":12,"column":14},"end":{"line":12,"column":15}},"loc":{"start":{"line":12,"column":31},"end":{"line":18,"column":5}},"line":12},"3":{"name":"(anonymous_3)","decl":{"start":{"line":20,"column":18},"end":{"line":20,"column":19}},"loc":{"start":{"line":20,"column":24},"end":{"line":24,"column":5}},"line":20},"4":{"name":"(anonymous_4)","decl":{"start":{"line":21,"column":28},"end":{"line":21,"column":29}},"loc":{"start":{"line":21,"column":45},"end":{"line":23,"column":7}},"line":21},"5":{"name":"(anonymous_5)","decl":{"start":{"line":26,"column":17},"end":{"line":26,"column":18}},"loc":{"start":{"line":26,"column":28},"end":{"line":30,"column":5}},"line":26},"6":{"name":"(anonymous_6)","decl":{"start":{"line":32,"column":26},"end":{"line":32,"column":27}},"loc":{"start":{"line":32,"column":32},"end":{"line":36,"column":5}},"line":32},"7":{"name":"(anonymous_7)","decl":{"start":{"line":33,"column":43},"end":{"line":33,"column":44}},"loc":{"start":{"line":33,"column":54},"end":{"line":33,"column":78}},"line":33}},"branchMap":{"0":{"loc":{"start":{"line":5,"column":20},"end":{"line":5,"column":66}},"type":"binary-expr","locations":[{"start":{"line":5,"column":20},"end":{"line":5,"column":60}},{"start":{"line":5,"column":64},"end":{"line":5,"column":66}}],"line":5}},"s":{"0":1,"1":1,"2":5,"3":1,"4":4,"5":4,"6":4,"7":4,"8":1,"9":1,"10":3,"11":1,"12":1,"13":1,"14":1,"15":1,"16":0,"17":0,"18":0,"19":0},"f":{"0":1,"1":5,"2":4,"3":1,"4":3,"5":1,"6":0,"7":0},"b":{"0":[1,1]},"_coverageSchema":"1a1c01bbd47fc00a2c39e90264f33305004495a9","hash":"3032f5e220c8808730d30d7fea48724ad9c260eb"}
,"/home/amados/To-Do-List/src/listobject.js": {"path":"/home/amados/To-Do-List/src/listobject.js","statementMap":{"0":{"start":{"line":3,"column":4},"end":{"line":3,"column":35}},"1":{"start":{"line":4,"column":4},"end":{"line":4,"column":31}},"2":{"start":{"line":5,"column":4},"end":{"line":5,"column":23}}},"fnMap":{"0":{"name":"(anonymous_0)","decl":{"start":{"line":2,"column":2},"end":{"line":2,"column":3}},"loc":{"start":{"line":2,"column":45},"end":{"line":6,"column":3}},"line":2}},"branchMap":{},"s":{"0":4,"1":4,"2":4},"f":{"0":4},"b":{},"_coverageSchema":"1a1c01bbd47fc00a2c39e90264f33305004495a9","hash":"d254cb157b8e554f9cd5c869ccab33002dc47545"}
}
