TN:
SF:test.mock.js
FNF:0
FNH:0
DA:1,1
DA:14,1
LF:2
LH:2
BRF:0
BRH:0
end_of_record
TN:
SF:src/index.js
FN:12,(anonymous_0)
FN:30,(anonymous_1)
FN:35,(anonymous_2)
FN:44,(anonymous_3)
FN:49,(anonymous_4)
FN:55,(anonymous_5)
FN:63,(anonymous_6)
FN:69,(anonymous_7)
FN:70,(anonymous_8)
FN:77,(anonymous_9)
FN:83,(anonymous_10)
FN:86,(anonymous_11)
FN:87,(anonymous_12)
FN:95,(anonymous_13)
FNF:14
FNH:5
FNDA:4,(anonymous_0)
FNDA:1,(anonymous_1)
FNDA:0,(anonymous_2)
FNDA:0,(anonymous_3)
FNDA:0,(anonymous_4)
FNDA:0,(anonymous_5)
FNDA:4,(anonymous_6)
FNDA:1,(anonymous_7)
FNDA:0,(anonymous_8)
FNDA:4,(anonymous_9)
FNDA:0,(anonymous_10)
FNDA:0,(anonymous_11)
FNDA:0,(anonymous_12)
FNDA:0,(anonymous_13)
DA:7,1
DA:9,1
DA:10,1
DA:12,1
DA:13,4
DA:14,4
DA:15,4
DA:21,4
DA:23,4
DA:25,4
DA:26,0
DA:27,0
DA:30,4
DA:31,1
DA:32,1
DA:35,4
DA:36,0
DA:37,0
DA:38,0
DA:39,0
DA:42,4
DA:44,4
DA:45,0
DA:46,0
DA:49,4
DA:50,0
DA:51,0
DA:52,0
DA:55,4
DA:56,0
DA:57,0
DA:58,0
DA:63,1
DA:64,4
DA:65,4
DA:66,4
DA:69,1
DA:70,1
DA:71,0
DA:75,1
DA:77,1
DA:78,4
DA:79,4
DA:80,4
DA:83,1
DA:84,0
DA:85,0
DA:86,0
DA:87,0
DA:90,1
DA:91,1
DA:92,1
DA:93,1
DA:94,1
DA:95,1
DA:96,0
DA:97,0
DA:98,0
DA:99,0
LF:59
LH:36
BRDA:16,0,0,0
BRDA:16,0,1,4
BRDA:25,1,0,0
BRDA:25,1,1,4
BRF:4
BRH:2
end_of_record
TN:
SF:src/list.js
FN:4,(anonymous_0)
FN:8,(anonymous_1)
FN:12,(anonymous_2)
FN:20,(anonymous_3)
FN:21,(anonymous_4)
FN:26,(anonymous_5)
FN:32,(anonymous_6)
FN:33,(anonymous_7)
FNF:8
FNH:6
FNDA:1,(anonymous_0)
FNDA:5,(anonymous_1)
FNDA:4,(anonymous_2)
FNDA:1,(anonymous_3)
FNDA:3,(anonymous_4)
FNDA:1,(anonymous_5)
FNDA:0,(anonymous_6)
FNDA:0,(anonymous_7)
DA:5,1
DA:8,1
DA:9,5
DA:12,1
DA:13,4
DA:14,4
DA:16,4
DA:17,4
DA:20,1
DA:21,1
DA:22,3
DA:26,1
DA:27,1
DA:28,1
DA:29,1
DA:32,1
DA:33,0
DA:34,0
DA:35,0
LF:19
LH:16
BRDA:5,0,0,1
BRDA:5,0,1,1
BRF:2
BRH:2
end_of_record
TN:
SF:src/listobject.js
FN:2,(anonymous_0)
FNF:1
FNH:1
FNDA:4,(anonymous_0)
DA:3,4
DA:4,4
DA:5,4
LF:3
LH:3
BRF:0
BRH:0
end_of_record
